<?xml version="1.0" encoding="UTF-8"?>
<testng-results skipped="0" failed="0" ignored="0" total="3" passed="3">
  <reporter-output>
  </reporter-output>
  <suite name="Default suite" duration-ms="95517" started-at="2020-08-17T12:55:42 IST" finished-at="2020-08-17T12:57:18 IST">
    <groups>
    </groups>
    <test name="Default test" duration-ms="95517" started-at="2020-08-17T12:55:42 IST" finished-at="2020-08-17T12:57:18 IST">
      <class name="Practise.AppiumFramework.TC04">
        <test-method status="PASS" signature="beforeTest()[pri:0, instance:Practise.AppiumFramework.TC04@6a1aab78]" name="beforeTest" is-config="true" duration-ms="32160" started-at="2020-08-17T12:55:42 IST" finished-at="2020-08-17T12:56:14 IST">
          <reporter-output>
          </reporter-output>
        </test-method> <!-- beforeTest -->
        <test-method status="PASS" signature="OpenApp()[pri:0, instance:Practise.AppiumFramework.TC04@6a1aab78]" name="OpenApp" duration-ms="19370" started-at="2020-08-17T12:56:14 IST" finished-at="2020-08-17T12:56:34 IST">
          <reporter-output>
          </reporter-output>
        </test-method> <!-- OpenApp -->
        <test-method status="PASS" signature="Login()[pri:0, instance:Practise.AppiumFramework.TC04@6a1aab78]" name="Login" duration-ms="10155" started-at="2020-08-17T12:56:34 IST" depends-on-methods="Practise.AppiumFramework.TC04.OpenApp" finished-at="2020-08-17T12:56:44 IST">
          <reporter-output>
          </reporter-output>
        </test-method> <!-- Login -->
        <test-method status="PASS" signature="GetStarted()[pri:0, instance:Practise.AppiumFramework.TC04@6a1aab78]" name="GetStarted" duration-ms="33730" started-at="2020-08-17T12:56:44 IST" depends-on-methods="Practise.AppiumFramework.TC04.Login" finished-at="2020-08-17T12:57:18 IST">
          <reporter-output>
          </reporter-output>
        </test-method> <!-- GetStarted -->
      </class> <!-- Practise.AppiumFramework.TC04 -->
    </test> <!-- Default test -->
  </suite> <!-- Default suite -->
</testng-results>
