<?xml version="1.0" encoding="UTF-8"?>
<!-- Generated by org.testng.reporters.JUnitXMLReporter -->
<testsuite hostname="ashaarun" ignored="0" name="Default test" tests="3" failures="0" timestamp="2020-08-17T12:57:18 IST" time="95.517" errors="0">
  <testcase name="OpenApp" time="19.37" classname="Practise.AppiumFramework.TC04"/>
  <testcase name="Login" time="10.155" classname="Practise.AppiumFramework.TC04"/>
  <testcase name="GetStarted" time="33.73" classname="Practise.AppiumFramework.TC04"/>
</testsuite> <!-- Default test -->
